<?xml version="1.0" encoding="UTF-8"?>
<!-- Generated by org.testng.reporters.JUnitReportReporter -->
<testsuite hostname="7417191543964" name="training.FirstSeleniumJavaTest" tests="2" failures="0" timestamp="26 Apr 2021 18:30:45 GMT" time="19.111" errors="0">
  <testcase name="testEasy" time="17.262" classname="training.FirstSeleniumJavaTest"/>
  <testcase name="testTwo" time="1.849" classname="training.FirstSeleniumJavaTest"/>
</testsuite> <!-- training.FirstSeleniumJavaTest -->
